{"name":"test01","id":"hometest.lushdigital.GetRequests:test01","testCaseName":"hometest.lushdigital.GetRequests","testSteps":[{"number":1,"description":"GET http://localhost:8080/products/products\r\r","duration":0,"startTime":1559774246743,"result":"SUCCESS","restQuery":{"method":"GET","path":"http://localhost:8080/products/products\r\r","content":"\r","contentType":"null","requestHeaders":"Accept\u003d*/*\r\r","requestCookies":"\r\r","responseHeaders":"Content-Type: application/json\nDate: Wed, 05 Jun 2019 22:37:26 GMT\nContent-Length: 48\r","responseCookies":"\r","responseBody":"{\n    \"status\": \"fail\",\n    \"code\": 404,\n    \"message\": \"product\"\n}","statusCode":404},"precondition":false}],"userStory":{"id":"hometest.lushdigital.GetRequests","storyName":"Get requests","storyClassName":"hometest.lushdigital.GetRequests","path":"hometest.lushdigital","type":"story"},"featureTag":{"name":"Lushdigital/Get requests","type":"story"},"title":"This is title","tags":[{"name":"Lushdigital/Get requests","type":"story"}],"startTime":1559774246694,"duration":49,"testFailureCause":{"errorType":"java.lang.AssertionError","message":"1 expectation failed.\nExpected status code \u003c200\u003e but was \u003c404\u003e.\n","stackTrace":[{"declaringClass":"io.restassured.internal.ResponseSpecificationImpl","methodName":"validateResponseIfRequired","fileName":"ResponseSpecificationImpl.groovy","lineNumber":636},{"declaringClass":"io.restassured.internal.ResponseSpecificationImpl","methodName":"statusCode","fileName":"ResponseSpecificationImpl.groovy","lineNumber":122},{"declaringClass":"io.restassured.internal.ResponseSpecificationImpl","methodName":"statusCode","fileName":"ResponseSpecificationImpl.groovy","lineNumber":130},{"declaringClass":"io.restassured.internal.ValidatableResponseOptionsImpl","methodName":"statusCode","fileName":"ValidatableResponseOptionsImpl.java","lineNumber":117},{"declaringClass":"hometest.lushdigital.GetRequests","methodName":"test01","fileName":"GetRequests.java","lineNumber":64}]},"testFailureClassname":"java.lang.AssertionError","testFailureMessage":"1 expectation failed.\nExpected status code \u003c200\u003e but was \u003c404\u003e.\n","testFailureSummary":"FAILURE;java.lang.AssertionError;1 expectation failed.\nExpected status code \u003c200\u003e but was \u003c404\u003e.\n;ResponseSpecificationImpl.groovy","projectKey":"","annotatedResult":"FAILURE","manual":false,"testSource":"JUnit","result":"FAILURE"}